{
  "RSpec": {
    "coverage": {
      "/Users/shanesmith/Code/dbferuby/lib/autoloader.rb": [
        null,
        null,
        1,
        1
      ],
      "/Users/shanesmith/Code/dbferuby/lib/command_parser.rb": [
        null,
        null,
        1,
        1,
        null,
        1,
        6,
        null,
        null,
        1,
        0,
        0,
        0,
        0,
        null,
        0,
        null,
        0,
        null,
        null,
        1,
        0,
        null,
        null,
        1,
        0,
        null,
        null
      ],
      "/Users/shanesmith/Code/dbferuby/lib/connection_pool.rb": [
        null,
        1,
        null,
        1,
        null,
        null
      ],
      "/Users/shanesmith/Code/dbferuby/lib/login_process.rb": [
        null,
        null,
        1,
        1,
        1,
        null,
        1,
        6,
        6,
        6,
        null,
        null,
        1,
        0,
        null,
        null,
        1,
        0,
        0,
        null,
        0,
        null,
        null,
        null,
        null,
        null,
        null,
        1,
        0,
        0,
        null,
        0,
        null,
        null,
        null
      ],
      "/Users/shanesmith/Code/dbferuby/lib/player.rb": [
        null,
        1,
        null,
        1,
        1,
        null,
        1,
        null,
        1,
        1,
        null,
        null,
        null,
        1,
        null,
        0,
        0,
        0,
        0,
        1,
        null,
        1,
        0,
        null,
        null,
        1,
        24,
        null,
        null
      ],
      "/Users/shanesmith/Code/dbferuby/lib/game.rb": [
        null,
        null,
        1,
        1,
        1,
        1,
        null,
        1,
        1,
        null,
        1,
        null,
        null,
        1,
        1,
        null,
        null,
        1,
        1,
        null,
        null,
        1,
        null,
        1,
        1,
        1,
        null,
        null,
        null
      ],
      "/Users/shanesmith/Code/dbferuby/lib/player_connection.rb": [
        null,
        null,
        1,
        1,
        1,
        null,
        1,
        1,
        1,
        null,
        1,
        6,
        6,
        6,
        6,
        null,
        null,
        1,
        6,
        null,
        null,
        1,
        6,
        6,
        6,
        6,
        null,
        null,
        1,
        6,
        null,
        null,
        1,
        0,
        0,
        0,
        0,
        0,
        null,
        0,
        null,
        null,
        null,
        1,
        0,
        0,
        null,
        null
      ],
      "/Users/shanesmith/Code/dbferuby/lib/commands/command_base.rb": [
        null,
        1,
        null,
        1,
        1,
        1,
        null,
        1,
        1,
        null,
        null,
        null
      ],
      "/Users/shanesmith/Code/dbferuby/lib/commands/chat.rb": [
        null,
        null,
        1,
        1,
        1,
        1,
        1,
        6,
        null,
        null,
        null,
        null
      ],
      "/Users/shanesmith/Code/dbferuby/lib/commands/quit.rb": [
        null,
        1,
        null,
        1,
        1,
        1,
        0,
        null,
        null,
        null
      ],
      "/Users/shanesmith/Code/dbferuby/lib/creation_process.rb": [
        null,
        null,
        1,
        1,
        null,
        null,
        null,
        null,
        null,
        1,
        6,
        null,
        null,
        1,
        0,
        0,
        0,
        0,
        0,
        null,
        null,
        1,
        0,
        null,
        0,
        null,
        null,
        1,
        0,
        0,
        null,
        0,
        0,
        null,
        null,
        null,
        null,
        1,
        0,
        0,
        null,
        null,
        0,
        0,
        null,
        null,
        null,
        1,
        0,
        0,
        null,
        null,
        null,
        0,
        0,
        null,
        null,
        null,
        null,
        1,
        0,
        0,
        null,
        null,
        0,
        0,
        null,
        null,
        0,
        0,
        null,
        null,
        null
      ]
    },
    "timestamp": 1514137187
  }
}
